{"numTotalTestSuites":229,"numPassedTestSuites":197,"numFailedTestSuites":32,"numPendingTestSuites":0,"numTotalTests":557,"numPassedTests":507,"numFailedTests":50,"numPendingTests":0,"numTodoTests":0,"snapshot":{"added":0,"failure":false,"filesAdded":0,"filesRemoved":0,"filesRemovedList":[],"filesUnmatched":0,"filesUpdated":0,"matched":0,"total":0,"unchecked":0,"uncheckedKeysByFile":[],"unmatched":0,"updated":0,"didUpdate":false},"startTime":1787900187580,"success":false,"testResults":[{"assertionResults":[{"ancestorTitles":["admin OIDC authentication"],"fullName":"admin OIDC authentication verifies an RS256 token and converts the external subject into an opaque principal id","status":"passed","title":"verifies an RS256 token and converts the external subject into an opaque principal id","duration":216.98754899999997,"failureMessages":[],"meta":{},"tags":[]},{"ancestorTitles":["admin OIDC authentication"],"fullName":"admin OIDC authentication rejects requests without a bearer token","status":"passed","title":"rejects requests without a bearer token","duration":5.730921999999964,"failureMessages":[],"meta":{},"tags":[]},{"ancestorTitles":["admin OIDC authentication"],"fullName":"admin OIDC authentication rejects a token issued for a different audience even when the signature is valid","status":"passed","title":"rejects a token issued for a different audience even when the signature is valid","duration":98.46500200000003,"failureMessages":[],"meta":{},"tags":[]},{"ancestorTitles":["admin OIDC authentication"],"fullName":"admin OIDC authentication rejects expired tokens","status":"passed","title":"rejects expired tokens","duration":53.541593000000034,"failureMessages":[],"meta":{},"tags":[]},{"ancestorTitles":["admin OIDC authentication"],"fullName":"admin OIDC authentication fails closed when production authentication is not configured","status":"passed","title":"fails closed when production authentication is not configured","duration":1.4387069999999085,"failureMessages":[],"meta":{},"tags":[]}],"startTime":1787900191450,"endTime":1787900191827.4387,"status":"passed","message":"","name":"/home/runner/work/catalog-engine/catalog-engine/tests/admin-auth.test.mjs"},{"assertionResults":[{"ancestorTitles":["worker control-plane plans"],"fullName":"worker control-plane plans matches the durable Node provisioning identities exactly","status":"passed","title":"matches the durable Node provisioning identities exactly","duration":16.36594500000001,"failureMessages":[],"meta":{},"tags":[]},{"ancestorTitles":["worker control-plane plans"],"fullName":"worker control-plane plans matches private source connection identities without returning the supplier URL publicly","status":"passed","title":"matches private source connection identities without returning the supplier URL publicly","duration":32.60669100000001,"failureMessages":[],"meta":{},"tags":[]},{"ancestorTitles":["worker control-plane plans"],"fullName":"worker control-plane plans discovers the Yupoo subcategory route only after the normal category returns 404","status":"passed","title":"discovers the Yupoo subcategory route only after the normal category returns 404","duration":1.9607320000000072,"failureMessages":[],"meta":{},"tags":[]},{"ancestorTitles":["worker control-plane plans"],"fullName":"worker control-plane plans rejects redirect chains that leave the approved Yupoo host boundary","status":"passed","title":"rejects redirect chains that leave the approved Yupoo host boundary","duration":2.9368749999999864,"failureMessages":[],"meta":{},"tags":[]},{"ancestorTitles":["worker control-plane plans"],"fullName":"worker control-plane plans rejects arbitrary supplier hosts before any network call","status":"passed","title":"rejects arbitrary supplier hosts before any network call","duration":0.7930909999999471,"failureMessages":[],"meta":{},"tags":[]}],"startTime":1787900193649,"endTime":1787900193703.7932,"status":"passed","message":"","name":"/home/runner/work/catalog-engine/catalog-engine/tests/admin-control-plane-plan.test.mjs"},{"assertionResults":[{"ancestorTitles":["Catalog Engine admin surface routing"],"fullName":"Catalog Engine admin surface routing rewrites the admin root to the canonical extensionless portal asset path","status":"passed","title":"rewrites the admin root to the canonical extensionless portal asset path","duration":36.76473600000003,"failureMessages":[],"meta":{},"tags":[]},{"ancestorTitles":["Catalog Engine admin surface routing"],"fullName":"Catalog Engine admin surface routing maps client-side portal routes to the same portal shell without redirecting","status":"passed","title":"maps client-side portal routes to the same portal shell without redirecting","duration":1.1705860000000143,"failureMessages":[],"meta":{},"tags":[]},{"ancestorTitles":["Catalog Engine admin surface routing"],"fullName":"Catalog Engine admin surface routing normalizes an explicit app.html request internally instead of exposing the redirecting asset URL","status":"passed","title":"normalizes an explicit app.html request internally instead of exposing the redirecting asset URL","duration":0.9617259999999987,"failureMessages":[],"meta":{},"tags":[]}],"startTime":1787900197624,"endTime":1787900197662.9617,"status":"passed","message":"","name":"/home/runner/work/catalog-engine/catalog-engine/tests/admin-surface-routing.test.mjs"},{"assertionResults":[{"ancestorTitles":["versioned catalog classifier"],"fullName":"versioned catalog classifier stamps the current classifier identity on normal automatic classification","status":"passed","title":"stamps the current classifier identity on normal automatic classification","duration":15.094687999999962,"failureMessages":[],"meta":{},"tags":[]},{"ancestorTitles":["versioned catalog classifier"],"fullName":"versioned catalog classifier applies a valid manual override after automatic classification and keeps it searchable","status":"passed","title":"applies a valid manual override after automatic classification and keeps it searchable","duration":7.434804000000042,"failureMessages":[],"meta":{},"tags":[]},{"ancestorTitles":["versioned catalog classifier"],"fullName":"versioned catalog classifier allows a manual override to clear an automatically inferred team and league","status":"passed","title":"allows a manual override to clear an automatically inferred team and league","duration":4.262560000000008,"failureMessages":[],"meta":{},"tags":[]},{"ancestorTitles":["versioned catalog classifier"],"fullName":"versioned catalog classifier rejects override references outside the controlled dictionaries","status":"passed","title":"rejects override references outside the controlled dictionaries","duration":1.8866740000000277,"failureMessages":[],"meta":{},"tags":[]},{"ancestorTitles":["versioned catalog classifier"],"fullName":"versioned catalog classifier rejects supplier/web URLs in public manual labels","status":"passed","title":"rejects supplier/web URLs in public manual labels","duration":0.9385729999999626,"failureMessages":[],"meta":{},"tags":[]},{"ancestorTitles":["versioned catalog classifier"],"fullName":"versioned catalog classifier does not introduce supplier URLs into the public classifier output","status":"passed","title":"does not introduce supplier URLs into the public classifier output","duration":5.2801450000000045,"failureMessages":[],"meta":{},"tags":[]}],"startTime":1787900195231,"endTime":1787900195266.28,"status":"passed","message":"","name":"/home/runner/work/catalog-engine/catalog-engine/tests/catalog-classifier.test.mjs"},{"assertionResults":[{"ancestorTitles":["professional catalog normalization"],"fullName":"professional catalog normalization detects Barcelona 26/27 Home Player Version Jersey","status":"passed","title":"detects Barcelona 26/27 Home Player Version Jersey","duration":7.63721000000001,"failureMessages":[],"meta":{},"tags":[]},{"ancestorTitles":["professional catalog normalization"],"fullName":"professional catalog normalization detects Real Madrid 26/27 Away Jersey","status":"passed","title":"detects Real Madrid 26/27 Away Jersey","duration":3.1495789999999886,"failureMessages":[],"meta":{},"tags":[]},{"ancestorTitles":["professional catalog normalization"],"fullName":"professional catalog normalization detects Arsenal 26/27 Home Jersey","status":"passed","title":"detects Arsenal 26/27 Home Jersey","duration":2.733350999999999,"failureMessages":[],"meta":{},"tags":[]},{"ancestorTitles":["professional catalog normalization"],"fullName":"professional catalog normalization detects Manchester City 26/27 Third Jersey","status":"passed","title":"detects Manchester City 26/27 Third Jersey","duration":3.681950999999998,"failureMessages":[],"meta":{},"tags":[]},{"ancestorTitles":["professional catalog normalization"],"fullName":"professional catalog normalization detects Juventus 26/27 Home Jersey","status":"passed","title":"detects Juventus 26/27 Home Jersey","duration":2.5695289999999886,"failureMessages":[],"meta":{},"tags":[]},{"ancestorTitles":["professional catalog normalization"],"fullName":"professional catalog normalization detects AC Milan 26/27 Home Jersey","status":"passed","title":"detects AC Milan 26/27 Home Jersey","duration":1.2189659999999947,"failureMessages":[],"meta":{},"tags":[]},{"ancestorTitles":["professional catalog normalization"],"fullName":"professional catalog normalization detects Inter Milan 26/27 Home Jersey","status":"passed","title":"detects Inter Milan 26/27 Home Jersey","duration":1.1797520000000077,"failureMessages":[],"meta":{},"tags":[]},{"ancestorTitles":["professional catalog normalization"],"fullName":"professional catalog normalization detects Bayern Munich 26/27 Home Jersey","status":"passed","title":"detects Bayern Munich 26/27 Home Jersey","duration":0.9501369999999838,"failureMessages":[],"meta":{},"tags":[]},{"ancestorTitles":["professional catalog normalization"],"fullName":"professional catalog normalization detects PSG 26/27 Home Jersey","status":"passed","title":"detects PSG 26/27 Home Jersey","duration":1.7636270000000138,"failureMessages":[],"meta":{},"tags":[]},{"ancestorTitles":["professional catalog normalization"],"fullName":"professional catalog normalization detects Flamengo 26/27 Home Jersey","status":"passed","title":"detects Flamengo 26/27 Home Jersey","duration":0.7670409999999777,"failureMessages":[],"meta":{},"tags":[]},{"ancestorTitles":["professional catalog normalization"],"fullName":"professional catalog normalization detects Palmeiras 26/27 Home Jersey","status":"passed","title":"detects Palmeiras 26/27 Home Jersey","duration":0.538107999999994,"failureMessages":[],"meta":{},"tags":[]},{"ancestorTitles":["professional catalog normalization"],"fullName":"professional catalog normalization detects Corinthians 26/27 Home Jersey","status":"passed","title":"detects Corinthians 26/27 Home Jersey","duration":0.49637899999999036,"failureMessages":[],"meta":{},"tags":[]},{"ancestorTitles":["professional catalog normalization"],"fullName":"professional catalog normalization detects São Paulo 26/27 Home Jersey","status":"passed","title":"detects São Paulo 26/27 Home Jersey","duration":0.43916099999998437,"failureMessages":[],"meta":{},"tags":[]},{"ancestorTitles":["professional catalog normalization"],"fullName":"professional catalog normalization detects Santos 26/27 Home Jersey","status":"passed","title":"detects Santos 26/27 Home Jersey","duration":0.45915899999999965,"failureMessages":[],"meta":{},"tags":[]},{"ancestorTitles":["professional catalog normalization"],"fullName":"professional catalog normalization detects Brazil 2026 Home Player Version Jersey","status":"passed","title":"detects Brazil 2026 Home Player Version Jersey","duration":2.504708999999991,"failureMessages":[],"meta":{},"tags":[]},{"ancestorTitles":["professional catalog normalization"],"fullName":"professional catalog normalization disambiguates Brazilian Serie A from Italian Serie A by source context","status":"passed","title":"disambiguates Brazilian Serie A from Italian Serie A by source context","duration":4.563023999999984,"failureMessages":[],"meta":{},"tags":[]},{"ancestorTitles":["professional catalog normalization"],"fullName":"professional catalog normalization detects commercial facets and translates controlled terms","status":"passed","title":"detects commercial facets and translates controlled terms","duration":1.8222069999999917,"failureMessages":[],"meta":{},"tags":[]},{"ancestorTitles":["professional catalog normalization"],"fullName":"professional catalog normalization keeps original and translated aliases searchable","status":"passed","title":"keeps original and translated aliases searchable","duration":1.5294739999999933,"failureMessages":[],"meta":{},"tags":[]},{"ancestorTitles":["professional catalog normalization"],"fullName":"professional catalog normalization maps Kids Kit Barcelona to ⚽👦🏻kids kit size：16-28 facet","status":"passed","title":"maps Kids Kit Barcelona to ⚽👦🏻kids kit size：16-28 facet","duration":1.6055180000000178,"failureMessages":[],"meta":{},"tags":[]},{"ancestorTitles":["professional catalog normalization"],"fullName":"professional catalog normalization maps Women Barcelona Jersey to ⚽👩‍⚕️ Women facet","status":"passed","title":"maps Women Barcelona Jersey to ⚽👩‍⚕️ Women facet","duration":1.5142250000000104,"failureMessages":[],"meta":{},"tags":[]},{"ancestorTitles":["professional catalog normalization"],"fullName":"professional catalog normalization maps Barcelona Long Sleeve Jersey to ⚽ Long sleeve facet","status":"passed","title":"maps Barcelona Long Sleeve Jersey to ⚽ Long sleeve facet","duration":1.0298589999999876,"failureMessages":[],"meta":{},"tags":[]},{"ancestorTitles":["professional catalog normalization"],"fullName":"professional catalog normalization maps Barcelona Retro 1999 Jersey to ⚽ Retro facet","status":"passed","title":"maps Barcelona Retro 1999 Jersey to ⚽ Retro facet","duration":1.3098580000000197,"failureMessages":[],"meta":{},"tags":[]},{"ancestorTitles":["professional catalog normalization"],"fullName":"professional catalog normalization maps Barcelona Training Suit to Youth Pre-Match Training Suit facet","status":"passed","title":"maps Barcelona Training Suit to Youth Pre-Match Training Suit facet","duration":1.609404999999981,"failureMessages":[],"meta":{},"tags":[]},{"ancestorTitles":["professional catalog normalization"],"fullName":"professional catalog normalization maps Football shoes model X to football shoes facet","status":"passed","title":"maps Football shoes model X to football shoes facet","duration":1.31778300000002,"failureMessages":[],"meta":{},"tags":[]}],"startTime":1787900193286,"endTime":1787900193333.3179,"status":"passed","message":"","name":"/home/runner/work/catalog-engine/catalog-engine/tests/catalog-normalization.test.mjs"},{"assertionResults":[{"ancestorTitles":["CatalogProvider contract"],"fullName":"CatalogProvider contract auto-detects and normalizes Yupoo without exposing provider rules to tenant source core","status":"passed","title":"auto-detects and normalizes Yupoo without exposing provider rules to tenant source core","duration":3.365725999999995,"failureMessages":[],"meta":{},"tags":[]},{"ancestorTitles":["CatalogProvider contract"],"fullName":"CatalogProvider contract keeps provider lookup fail-closed for unsupported sources and keys","status":"passed","title":"keeps provider lookup fail-closed for unsupported sources and keys","duration":0.6859210000000076,"failureMessages":[],"meta":{},"tags":[]},{"ancestorTitles":["CatalogProvider contract"],"fullName":"CatalogProvider contract supports a second provider contract without changing registry/core code","status":"passed","title":"supports a second provider contract without changing registry/core code","duration":1.0092449999999644,"failureMessages":[],"meta":{},"tags":[]},{"ancestorTitles":["CatalogProvider contract"],"fullName":"CatalogProvider contract preserves existing Yupoo category and media opaque identity seeds","status":"passed","title":"preserves existing Yupoo category and media opaque identity seeds","duration":4.837284000000011,"failureMessages":[],"meta":{},"tags":[]},{"ancestorTitles":["CatalogProvider contract"],"fullName":"CatalogProvider contract validates normalized scan and detail evidence at the provider boundary","status":"passed","title":"validates normalized scan and detail evidence at the provider boundary","duration":1.8906410000000164,"failureMessages":[],"meta":{},"tags":[]},{"ancestorTitles":["CatalogProvider contract"],"fullName":"CatalogProvider contract keeps provider-specific parsers out of central ingestion consumers","status":"passed","title":"keeps provider-specific parsers out of central ingestion consumers","duration":2.073701999999969,"failureMessages":[],"meta":{},"tags":[]}],"startTime":1787900191374,"endTime":1787900191388.0737,"status":"passed","message":"","name":"/home/runner/work/catalog-engine/catalog-engine/tests/catalog-provider-contract.test.mjs"},{"assertionResults":[{"ancestorTitles":["public identities"],"fullName":"public identities creates deterministic product IDs without exposing the raw source ID","status":"passed","title":"creates deterministic product IDs without exposing the raw source ID","duration":3.8562760000000083,"failureMessages":[],"meta":{},"tags":[]},{"ancestorTitles":["public identities"],"fullName":"public identities uses a distinct namespace for category IDs","status":"passed","title":"uses a distinct namespace for category IDs","duration":1.8420050000000003,"failureMessages":[],"meta":{},"tags":[]},{"ancestorTitles":["content fingerprint"],"fullName":"content fingerprint is stable for equivalent data and changes when commercial content changes","status":"passed","title":"is stable for equivalent data and changes when commercial content changes","duration":1.2344459999999913,"failureMessages":[],"meta":{},"tags":[]},{"ancestorTitles":["reconcileSyncState"],"fullName":"reconcileSyncState marks unseen source products as NEW","status":"passed","title":"marks unseen source products as NEW","duration":1.731745999999987,"failureMessages":[],"meta":{},"tags":[]},{"ancestorTitles":["reconcileSyncState"],"fullName":"reconcileSyncState marks changed observed products as UPDATED","status":"passed","title":"marks changed observed products as UPDATED","duration":1.1703839999999843,"failureMessages":[],"meta":{},"tags":[]},{"ancestorTitles":["reconcileSyncState"],"fullName":"reconcileSyncState never marks an unobserved active product removed during a partial scan","status":"passed","title":"never marks an unobserved active product removed during a partial scan","duration":0.9886809999999855,"failureMessages":[],"meta":{},"tags":[]},{"ancestorTitles":["reconcileSyncState"],"fullName":"reconcileSyncState marks missing active products REMOVED only when the scope is complete","status":"passed","title":"marks missing active products REMOVED only when the scope is complete","duration":1.114227999999997,"failureMessages":[],"meta":{},"tags":[]},{"ancestorTitles":["reconcileSyncState"],"fullName":"reconcileSyncState marks a previously removed product RESTORED when observed again","status":"passed","title":"marks a previously removed product RESTORED when observed again","duration":1.0459089999999946,"failureMessages":[],"meta":{},"tags":[]}],"startTime":1787900193050,"endTime":1787900193064.046,"status":"passed","message":"","name":"/home/runner/work/catalog-engine/catalog-engine/tests/catalog-sync.test.mjs"},{"assertionResults":[{"ancestorTitles":["CEI domain router v1"],"fullName":"CEI domain router v1 keeps the production launch registry restricted to Sports v1","status":"passed","title":"keeps the production launch registry restricted to Sports v1","duration":4.464404999999999,"failureMessages":[],"meta":{},"tags":[]},{"ancestorTitles":["CEI domain router v1"],"fullName":"CEI domain router v1 selects the strongest domain runtime without teaching the Core automotive semantics","status":"passed","title":"selects the strongest domain runtime without teaching the Core automotive semantics","duration":10.25231500000001,"failureMessages":[],"meta":{},"tags":[]},{"ancestorTitles":["CEI domain router v1"],"fullName":"CEI domain router v1 is deterministic regardless of runtime registration order","status":"passed","title":"is deterministic regardless of runtime registration order","duration":7.991252999999972,"failureMessages":[],"meta":{},"tags":[]},{"ancestorTitles":["CEI domain router v1"],"fullName":"CEI domain router v1 does not let provider provenance change domain routing semantics","status":"passed","title":"does not let provider provenance change domain routing semantics","duration":7.647333000000003,"failureMessages":[],"meta":{},"tags":[]},{"ancestorTitles":["CEI domain router v1"],"fullName":"CEI domain router v1 fails closed on duplicate runtimes and mismatched Knowledge Pack identity","status":"passed","title":"fails closed on duplicate runtimes and mismatched Knowledge Pack identity","duration":1.276192999999978,"failureMessages":[],"meta":{},"tags":[]},{"ancestorTitles":["CEI domain router v1"],"fullName":"CEI domain router v1 preserves the production Sports classifier contract through the runtime composition","status":"passed","title":"preserves the production Sports classifier contract through the runtime composition","duration":2.655048000000022,"failureMessages":[],"meta":{},"tags":[]},{"ancestorTitles":["CEI domain router v1"],"fullName":"CEI domain router v1 keeps CEI Core and the top-level classifier free of direct Sports resolver/claims imports","status":"passed","title":"keeps CEI Core and the top-level classifier free of direct Sports resolver/claims imports","duration":0.5013759999999934,"failureMessages":[],"meta":{},"tags":[]}],"startTime":1787900189612,"endTime":1787900189646.655,"status":"passed","message":"","name":"/home/runner/work/catalog-engine/catalog-engine/tests/cei-domain-router.test.mjs"},{"assertionResults":[{"ancestorTitles":["CEI normalized evidence v1"],"fullName":"CEI normalized evidence v1 creates a bounded versioned source-neutral record","status":"passed","title":"creates a bounded versioned source-neutral record","duration":7.358130999999958,"failureMessages":[],"meta":{},"tags":[]},{"ancestorTitles":["CEI normalized evidence v1"],"fullName":"CEI normalized evidence v1 rejects provider-shaped fields outside the normalized evidence contract","status":"passed","title":"rejects provider-shaped fields outside the normalized evidence contract","duration":2.5395630000000438,"failureMessages":[],"meta":{},"tags":[]},{"ancestorTitles":["CEI normalized evidence v1"],"fullName":"CEI normalized evidence v1 keeps provider provenance from changing classification semantics","status":"passed","title":"keeps provider provenance from changing classification semantics","duration":16.016580000000033,"failureMessages":[],"meta":{},"tags":[]},{"ancestorTitles":["CEI normalized evidence v1"],"fullName":"CEI normalized evidence v1 preserves legacy classifier behavior through the normalized evidence boundary","status":"passed","title":"preserves legacy classifier behavior through the normalized evidence boundary","duration":8.14842699999997,"failureMessages":[],"meta":{},"tags":[]},{"ancestorTitles":["CEI normalized evidence v1"],"fullName":"CEI normalized evidence v1 rejects unbounded structured attribute bags","status":"passed","title":"rejects unbounded structured attribute bags","duration":1.919144000000017,"failureMessages":[],"meta":{},"tags":[]}],"startTime":1787900195544,"endTime":1787900195579.9192,"status":"passed","message":"","name":"/home/runner/work/catalog-engine/catalog-engine/tests/cei-evidence.test.mjs"},{"assertionResults":[{"ancestorTitles":["CEI intelligence persistence adapter"],"fullName":"CEI intelligence persistence adapter writes one canonical domain-neutral state payload that round-trips through the CEI schema","status":"passed","title":"writes one canonical domain-neutral state payload that round-trips through the CEI schema","duration":24.69457600000004,"failureMessages":[],"meta":{},"tags":[]},{"ancestorTitles":["CEI intelligence persistence adapter"],"fullName":"CEI intelligence persistence adapter never persists provider/source-local provenance into the intelligence state JSON","status":"passed","title":"never persists provider/source-local provenance into the intelligence state JSON","duration":7.4457140000000095,"failureMessages":[],"meta":{},"tags":[]},{"ancestorTitles":["CEI intelligence persistence adapter"],"fullName":"CEI intelligence persistence adapter fails closed instead of generating a partial row for invalid intelligence output","status":"passed","title":"fails closed instead of generating a partial row for invalid intelligence output","duration":1.4910750000000235,"failureMessages":[],"meta":{},"tags":[]}],"startTime":1787900195441,"endTime":1787900195474.491,"status":"passed","message":"","name":"/home/runner/work/catalog-engine/catalog-engine/tests/cei-intelligence-persistence.test.mjs"},{"assertionResults":[{"ancestorTitles":["CEI intelligence state"],"fullName":"CEI intelligence state maps confidence and evidence conditions into explicit knowledge states","status":"passed","title":"maps confidence and evidence conditions into explicit knowledge states","duration":2.152740999999992,"failureMessages":[],"meta":{},"tags":[]},{"ancestorTitles":["CEI intelligence state"],"fullName":"CEI intelligence state preserves automatic inference separately from merchant-corrected effective state","status":"passed","title":"preserves automatic inference separately from merchant-corrected effective state","duration":31.675520000000006,"failureMessages":[],"meta":{},"tags":[]},{"ancestorTitles":["CEI intelligence state"],"fullName":"CEI intelligence state accepts non-sports claims without changing the CEI Core contract","status":"passed","title":"accepts non-sports claims without changing the CEI Core contract","duration":1.3810189999999807,"failureMessages":[],"meta":{},"tags":[]},{"ancestorTitles":["CEI intelligence state"],"fullName":"CEI intelligence state keeps retail-vertical vocabulary out of the CEI Core state adapter","status":"passed","title":"keeps retail-vertical vocabulary out of the CEI Core state adapter","duration":2.064575999999988,"failureMessages":[],"meta":{},"tags":[]},{"ancestorTitles":["CEI intelligence state"],"fullName":"CEI intelligence state serializes one bounded canonical state for durable persistence","status":"passed","title":"serializes one bounded canonical state for durable persistence","duration":8.296172000000013,"failureMessages":[],"meta":{},"tags":[]},{"ancestorTitles":["CEI intelligence state"],"fullName":"CEI intelligence state fails closed when arbitrary unbounded state is injected","status":"passed","title":"fails closed when arbitrary unbounded state is injected","duration":1.9498810000000049,"failureMessages":[],"meta":{},"tags":[]}],"startTime":1787900190702,"endTime":1787900190749.95,"status":"passed","message":"","name":"/home/runner/work/catalog-engine/catalog-engine/tests/cei-intelligence-state.test.mjs"},{"assertionResults":[{"ancestorTitles":["CEI Sports Knowledge Pack v1"],"fullName":"CEI Sports Knowledge Pack v1 is versioned, domain-scoped and exposes controlled sports knowledge","status":"passed","title":"is versioned, domain-scoped and exposes controlled sports knowledge","duration":3.110629000000017,"failureMessages":[],"meta":{},"tags":[]},{"ancestorTitles":["CEI Sports Knowledge Pack v1"],"fullName":"CEI Sports Knowledge Pack v1 keeps legacy normalization dictionaries semantically identical to the extracted pack definitions","status":"passed","title":"keeps legacy normalization dictionaries semantically identical to the extracted pack definitions","duration":3.4111599999999953,"failureMessages":[],"meta":{},"tags":[]},{"ancestorTitles":["CEI Sports Knowledge Pack v1"],"fullName":"CEI Sports Knowledge Pack v1 fails closed on duplicate entity identities and invalid review thresholds","status":"passed","title":"fails closed on duplicate entity identities and invalid review thresholds","duration":1.7074379999999962,"failureMessages":[],"meta":{},"tags":[]},{"ancestorTitles":["CEI Sports Knowledge Pack v1"],"fullName":"CEI Sports Knowledge Pack v1 freezes the executable pack surface so runtime code cannot mutate shared knowledge","status":"passed","title":"freezes the executable pack surface so runtime code cannot mutate shared knowledge","duration":0.4993620000000192,"failureMessages":[],"meta":{},"tags":[]}],"startTime":1787900196108,"endTime":1787900196116.4993,"status":"passed","message":"","name":"/home/runner/work/catalog-engine/catalog-engine/tests/cei-knowledge-pack.test.mjs"},{"assertionResults":[{"ancestorTitles":["CEI merchandising contract v1"],"fullName":"CEI merchandising contract v1 materializes a non-Sports Knowledge Pack without changing the CEI core","status":"passed","title":"materializes a non-Sports Knowledge Pack without changing the CEI core","duration":4.403832000000023,"failureMessages":[],"meta":{},"tags":[]},{"ancestorTitles":["CEI merchandising contract v1"],"fullName":"CEI merchandising contract v1 keeps Sports merchandising versioned and owned by the Sports Pack","status":"passed","title":"keeps Sports merchandising versioned and owned by the Sports Pack","duration":1.593293999999986,"failureMessages":[],"meta":{},"tags":[]},{"ancestorTitles":["CEI merchandising contract v1"],"fullName":"CEI merchandising contract v1 builds public-safe Sports navigation from actual catalog counts","status":"passed","title":"builds public-safe Sports navigation from actual catalog counts","duration":1.1157510000000173,"failureMessages":[],"meta":{},"tags":[]},{"ancestorTitles":["CEI merchandising contract v1"],"fullName":"CEI merchandising contract v1 falls back to a bounded pack-defined navigation when no positive counts exist yet","status":"passed","title":"falls back to a bounded pack-defined navigation when no positive counts exist yet","duration":0.7767690000000016,"failureMessages":[],"meta":{},"tags":[]},{"ancestorTitles":["CEI merchandising contract v1"],"fullName":"CEI merchandising contract v1 fails closed on duplicate ids, unsafe labels and invalid counts","status":"passed","title":"fails closed on duplicate ids, unsafe labels and invalid counts","duration":2.459943999999979,"failureMessages":[],"meta":{},"tags":[]}],"startTime":1787900192432,"endTime":1787900192443.46,"status":"passed","message":"","name":"/home/runner/work/catalog-engine/catalog-engine/tests/cei-merchandising.test.mjs"},{"assertionResults":[{"ancestorTitles":["CEI Sports v1 evidence resolution"],"fullName":"CEI Sports v1 evidence resolution keeps clear Sports semantics stable while versioning the CEI output contract","status":"passed","title":"keeps clear Sports semantics stable while versioning the CEI output contract","duration":12.604848000000004,"failureMessages":[],"meta":{},"tags":[]},{"ancestorTitles":["CEI Sports v1 evidence resolution"],"fullName":"CEI Sports v1 evidence resolution does not manufacture a season from a single retro year","status":"passed","title":"does not manufacture a season from a single retro year","duration":2.7673079999999572,"failureMessages":[],"meta":{},"tags":[]},{"ancestorTitles":["CEI Sports v1 evidence resolution"],"fullName":"CEI Sports v1 evidence resolution accepts an explicit structured season as stronger evidence","status":"passed","title":"accepts an explicit structured season as stronger evidence","duration":2.5395919999999705,"failureMessages":[],"meta":{},"tags":[]},{"ancestorTitles":["CEI Sports v1 evidence resolution"],"fullName":"CEI Sports v1 evidence resolution surfaces conflicting teams instead of silently choosing one","status":"passed","title":"surfaces conflicting teams instead of silently choosing one","duration":11.315872000000013,"failureMessages":[],"meta":{},"tags":[]},{"ancestorTitles":["CEI Sports v1 evidence resolution"],"fullName":"CEI Sports v1 evidence resolution lets an explicit merchant team override resolve the team conflict on rerun","status":"passed","title":"lets an explicit merchant team override resolve the team conflict on rerun","duration":4.1884620000000155,"failureMessages":[],"meta":{},"tags":[]},{"ancestorTitles":["CEI Sports v1 evidence resolution"],"fullName":"CEI Sports v1 evidence resolution detects a team-to-competition contradiction even when the legacy resolver suppresses the team","status":"passed","title":"detects a team-to-competition contradiction even when the legacy resolver suppresses the team","duration":3.822407999999996,"failureMessages":[],"meta":{},"tags":[]},{"ancestorTitles":["CEI Sports v1 evidence resolution"],"fullName":"CEI Sports v1 evidence resolution withholds season when strong evidence disagrees","status":"passed","title":"withholds season when strong evidence disagrees","duration":2.834071999999992,"failureMessages":[],"meta":{},"tags":[]},{"ancestorTitles":["CEI Sports v1 evidence resolution"],"fullName":"CEI Sports v1 evidence resolution detects mutually exclusive player/fan version evidence","status":"passed","title":"detects mutually exclusive player/fan version evidence","duration":2.607768999999962,"failureMessages":[],"meta":{},"tags":[]},{"ancestorTitles":["CEI Sports v1 evidence resolution"],"fullName":"CEI Sports v1 evidence resolution keeps unknown-domain evidence explicit instead of forcing sports","status":"passed","title":"keeps unknown-domain evidence explicit instead of forcing sports","duration":3.6137180000000058,"failureMessages":[],"meta":{},"tags":[]},{"ancestorTitles":["CEI Sports v1 evidence resolution"],"fullName":"CEI Sports v1 evidence resolution normalizes a classic 99/00 season without interpreting it as 2099","status":"passed","title":"normalizes a classic 99/00 season without interpreting it as 2099","duration":3.36187799999999,"failureMessages":[],"meta":{},"tags":[]}],"startTime":1787900190103,"endTime":1787900190153.3618,"status":"passed","message":"","name":"/home/runner/work/catalog-engine/catalog-engine/tests/cei-sports-resolution.test.mjs"},{"assertionResults":[{"ancestorTitles":["Cloudflare activation readiness"],"fullName":"Cloudflare activation readiness reports missing dedicated runtime config with stable safe codes","status":"passed","title":"reports missing dedicated runtime config with stable safe codes","duration":3.2871279999999956,"failureMessages":[],"meta":{},"tags":[]},{"ancestorTitles":["Cloudflare activation readiness"],"fullName":"Cloudflare activation readiness rejects a valid-looking SaaS target that is not the production edge hostname","status":"passed","title":"rejects a valid-looking SaaS target that is not the production edge hostname","duration":1.4219959999999787,"failureMessages":[],"meta":{},"tags":[]},{"ancestorTitles":["Cloudflare activation readiness"],"fullName":"Cloudflare activation readiness is activation-ready before binding when provider namespace is reachable and repo boundary is safe","status":"passed","title":"is activation-ready before binding when provider namespace is reachable and repo boundary is safe","duration":55.13078299999998,"failureMessages":[],"meta":{},"tags":[]},{"ancestorTitles":["Cloudflare activation readiness"],"fullName":"Cloudflare activation readiness accepts only the exact production dispatch binding after the real isolation gate","status":"passed","title":"accepts only the exact production dispatch binding after the real isolation gate","duration":3.875788,"failureMessages":[],"meta":{},"tags":[]},{"ancestorTitles":["Cloudflare activation readiness"],"fullName":"Cloudflare activation readiness rejects a dispatch binding that points anywhere except the production namespace","status":"passed","title":"rejects a dispatch binding that points anywhere except the production namespace","duration":2.1022250000000042,"failureMessages":[],"meta":{},"tags":[]},{"ancestorTitles":["Cloudflare activation readiness"],"fullName":"Cloudflare activation readiness does not leak provider messages or secrets when namespace access fails","status":"passed","title":"does not leak provider messages or secrets when namespace access fails","duration":1.4697039999999788,"failureMessages":[],"meta":{},"tags":[]}],"startTime":1787900190928,"endTime":1787900190996.4697,"status":"passed","message":"","name":"/home/runner/work/catalog-engine/catalog-engine/tests/cloudflare-activation-readiness.test.mjs"},{"assertionResults":[{"ancestorTitles":["Cloudflare platform administrative egress"],"fullName":"Cloudflare platform administrative egress keeps User Worker upload in trusted CI instead of platform-Worker global fetch","status":"passed","title":"keeps User Worker upload in trusted CI instead of platform-Worker global fetch","duration":2.4993169999999907,"failureMessages":[],"meta":{},"tags":[]}],"startTime":1787900199433,"endTime":1787900199435.4993,"status":"passed","message":"","name":"/home/runner/work/catalog-engine/catalog-engine/tests/cloudflare-platform-egress.test.mjs"},{"assertionResults":[{"ancestorTitles":["Cloudflare platform host DNS planning"],"fullName":"Cloudflare platform host DNS planning creates the platform host when no DNS record exists","status":"passed","title":"creates the platform host when no DNS record exists","duration":3.342441999999977,"failureMessages":[],"meta":{},"tags":[]},{"ancestorTitles":["Cloudflare platform host DNS planning"],"fullName":"Cloudflare platform host DNS planning does nothing when the proxied CNAME is already correct","status":"passed","title":"does nothing when the proxied CNAME is already correct","duration":0.6430009999999982,"failureMessages":[],"meta":{},"tags":[]},{"ancestorTitles":["Cloudflare platform host DNS planning"],"fullName":"Cloudflare platform host DNS planning updates a stale CNAME without replacing the record identity","status":"passed","title":"updates a stale CNAME without replacing the record identity","duration":0.4480570000000057,"failureMessages":[],"meta":{},"tags":[]},{"ancestorTitles":["Cloudflare platform host DNS planning"],"fullName":"Cloudflare platform host DNS planning fails closed instead of deleting a conflicting DNS type","status":"passed","title":"fails closed instead of deleting a conflicting DNS type","duration":1.423417999999998,"failureMessages":[],"meta":{},"tags":[]},{"ancestorTitles":["Cloudflare platform host DNS planning"],"fullName":"Cloudflare platform host DNS planning fails closed when multiple records claim the same platform hostname","status":"passed","title":"fails closed when multiple records claim the same platform hostname","duration":0.3916420000000187,"failureMessages":[],"meta":{},"tags":[]}],"startTime":1787900197697,"endTime":1787900197703.3916,"status":"passed","message":"","name":"/home/runner/work/catalog-engine/catalog-engine/tests/cloudflare-platform-hosts.test.mjs"},{"assertionResults":[{"ancestorTitles":["Cloudflare Workers for Platforms adapter"],"fullName":"Cloudflare Workers for Platforms adapter requires an existing single production dispatch namespace","status":"passed","title":"requires an existing single production dispatch namespace","duration":36.77494299999998,"failureMessages":[],"meta":{},"tags":[]},{"ancestorTitles":["Cloudflare Workers for Platforms adapter"],"fullName":"Cloudflare Workers for Platforms adapter reuses an existing D1 database by deterministic name instead of creating a duplicate","status":"passed","title":"reuses an existing D1 database by deterministic name instead of creating a duplicate","duration":1.8406780000000253,"failureMessages":[],"meta":{},"tags":[]},{"ancestorTitles":["Cloudflare Workers for Platforms adapter"],"fullName":"Cloudflare Workers for Platforms adapter creates the isolated D1 only after a deterministic lookup finds nothing","status":"passed","title":"creates the isolated D1 only after a deterministic lookup finds nothing","duration":2.033336999999989,"failureMessages":[],"meta":{},"tags":[]},{"ancestorTitles":["Cloudflare Workers for Platforms adapter"],"fullName":"Cloudflare Workers for Platforms adapter sends tenant schema operations through the D1 batch query API with bound params","status":"passed","title":"sends tenant schema operations through the D1 batch query API with bound params","duration":2.7907309999999654,"failureMessages":[],"meta":{},"tags":[]},{"ancestorTitles":["Cloudflare Workers for Platforms adapter"],"fullName":"Cloudflare Workers for Platforms adapter rejects a partially failed D1 batch even if the envelope is successful","status":"passed","title":"rejects a partially failed D1 batch even if the envelope is successful","duration":2.422312999999974,"failureMessages":[],"meta":{},"tags":[]},{"ancestorTitles":["Cloudflare Workers for Platforms adapter"],"fullName":"Cloudflare Workers for Platforms adapter uploads one tenant Worker with only that tenant D1 binding and opaque tenant id","status":"passed","title":"uploads one tenant Worker with only that tenant D1 binding and opaque tenant id","duration":6.6465820000000235,"failureMessages":[],"meta":{},"tags":[]},{"ancestorTitles":["Cloudflare Workers for Platforms adapter"],"fullName":"Cloudflare Workers for Platforms adapter bootstrap Worker exposes only health while migrations/import are incomplete","status":"passed","title":"bootstrap Worker exposes only health while migrations/import are incomplete","duration":0.7674329999999827,"failureMessages":[],"meta":{},"tags":[]},{"ancestorTitles":["Cloudflare Workers for Platforms adapter"],"fullName":"Cloudflare Workers for Platforms adapter fails closed before any provider call when the platform runtime is absent","status":"passed","title":"fails closed before any provider call when the platform runtime is absent","duration":0.6283529999999473,"failureMessages":[],"meta":{},"tags":[]},{"ancestorTitles":["Cloudflare Workers for Platforms adapter"],"fullName":"Cloudflare Workers for Platforms adapter collapses provider errors to stable codes without echoing provider messages or tokens","status":"passed","title":"collapses provider errors to stable codes without echoing provider messages or tokens","duration":1.3683449999999766,"failureMessages":[],"meta":{},"tags":[]},{"ancestorTitles":["Cloudflare Workers for Platforms adapter"],"fullName":"Cloudflare Workers for Platforms adapter distinguishes a bounded platform timeout from a generic network failure","status":"passed","title":"distinguishes a bounded platform timeout from a generic network failure","duration":0.7992830000000026,"failureMessages":[],"meta":{},"tags":[]}],"startTime":1787900189867,"endTime":1787900189923.7993,"status":"passed","message":"","name":"/home/runner/work/catalog-engine/catalog-engine/tests/cloudflare-platform.test.mjs"},{"assertionResults":[{"ancestorTitles":["customer custom domains"],"fullName":"customer custom domains uses the same deterministic domain identity as the existing Node domain planner","status":"passed","title":"uses the same deterministic domain identity as the existing Node domain planner","duration":7.49518599999999,"failureMessages":[],"meta":{},"tags":[]},{"ancestorTitles":["customer custom domains"],"fullName":"customer custom domains publishes only customer-actionable DNS validation fields and requires all active states","status":"passed","title":"publishes only customer-actionable DNS validation fields and requires all active states","duration":1.0292420000000106,"failureMessages":[],"meta":{},"tags":[]},{"ancestorTitles":["customer custom domains"],"fullName":"customer custom domains creates a Cloudflare custom hostname with HTTP DV and minimum TLS 1.2","status":"passed","title":"creates a Cloudflare custom hostname with HTTP DV and minimum TLS 1.2","duration":31.446061999999984,"failureMessages":[],"meta":{},"tags":[]},{"ancestorTitles":["customer custom domains"],"fullName":"customer custom domains treats the hostname as provider-ready only when hostname and SSL are both active","status":"passed","title":"treats the hostname as provider-ready only when hostname and SSL are both active","duration":0.4137129999999729,"failureMessages":[],"meta":{},"tags":[]},{"ancestorTitles":["customer custom domains"],"fullName":"customer custom domains reads and restarts HTTP DCV through the custom-hostname resource","status":"passed","title":"reads and restarts HTTP DCV through the custom-hostname resource","duration":2.1931050000000027,"failureMessages":[],"meta":{},"tags":[]},{"ancestorTitles":["customer custom domains"],"fullName":"customer custom domains deletes the provider hostname without requiring a response result object","status":"passed","title":"deletes the provider hostname without requiring a response result object","duration":0.9378810000000044,"failureMessages":[],"meta":{},"tags":[]},{"ancestorTitles":["customer custom domains"],"fullName":"customer custom domains maps Cloudflare failures to stable error codes without echoing provider messages or secrets","status":"passed","title":"maps Cloudflare failures to stable error codes without echoing provider messages or secrets","duration":1.676731000000018,"failureMessages":[],"meta":{},"tags":[]},{"ancestorTitles":["customer custom domains"],"fullName":"customer custom domains fails closed before network access when Cloudflare for SaaS runtime config is absent","status":"passed","title":"fails closed before network access when Cloudflare for SaaS runtime config is absent","duration":0.8920760000000314,"failureMessages":[],"meta":{},"tags":[]}],"startTime":1787900189470,"endTime":1787900189516.892,"status":"passed","message":"","name":"/home/runner/work/catalog-engine/catalog-engine/tests/custom-domain.test.mjs"},{"assertionResults":[{"ancestorTitles":["customer portal view model"],"fullName":"customer portal view model maps store lifecycle states to merchant-facing labels","status":"passed","title":"maps store lifecycle states to merchant-facing labels","duration":4.255436999999972,"failureMessages":[],"meta":{},"tags":[]},{"ancestorTitles":["customer portal view model"],"fullName":"customer portal view model uses safe merchant-facing domain labels","status":"passed","title":"uses safe merchant-facing domain labels","duration":0.860748000000001,"failureMessages":[],"meta":{},"tags":[]},{"ancestorTitles":["customer portal view model"],"fullName":"customer portal view model does not invent store-creation entitlement","status":"passed","title":"does not invent store-creation entitlement","duration":0.42668699999998694,"failureMessages":[],"meta":{},"tags":[]},{"ancestorTitles":["customer portal view model"],"fullName":"customer portal view model computes allowance and concise labels without exposing tenant terminology","status":"passed","title":"computes allowance and concise labels without exposing tenant terminology","duration":1.0455430000000092,"failureMessages":[],"meta":{},"tags":[]},{"ancestorTitles":["customer portal view model"],"fullName":"customer portal view model translates control-plane errors into customer-facing copy","status":"passed","title":"translates control-plane errors into customer-facing copy","duration":0.6017840000000092,"failureMessages":[],"meta":{},"tags":[]}],"startTime":1787900196889,"endTime":1787900196896.6018,"status":"passed","message":"","name":"/home/runner/work/catalog-engine/catalog-engine/tests/customer-portal-model.test.mjs"},{"assertionResults":[{"ancestorTitles":["tenant data-plane migration scheduler"],"fullName":"tenant data-plane migration scheduler does not query control-plane D1 or Cloudflare when platform runtime is unconfigured","status":"passed","title":"does not query control-plane D1 or Cloudflare when platform runtime is unconfigured","duration":4.685009000000008,"failureMessages":[],"meta":{},"tags":[]},{"ancestorTitles":["tenant data-plane migration scheduler"],"fullName":"tenant data-plane migration scheduler fails closed before any work when the control-plane database binding is absent","status":"passed","title":"fails closed before any work when the control-plane database binding is absent","duration":0.7112679999999898,"failureMessages":[],"meta":{},"tags":[]},{"ancestorTitles":["tenant data-plane migration scheduler"],"fullName":"tenant data-plane migration scheduler migrates in-flight classify/verify tenants and resumes them at classify instead of reimporting","status":"passed","title":"migrates in-flight classify/verify tenants and resumes them at classify instead of reimporting","duration":1.9842450000000156,"failureMessages":[],"meta":{},"tags":[]}],"startTime":1787900196410,"endTime":1787900196416.9841,"status":"passed","message":"","name":"/home/runner/work/catalog-engine/catalog-engine/tests/data-plane-migration-runner.test.mjs"},{"assertionResults":[{"ancestorTitles":["production deployment pipeline boundary"],"fullName":"production deployment pipeline boundary keeps catalog data replacement out of the application deployment workflow","status":"passed","title":"keeps catalog data replacement out of the application deployment workflow","duration":5.383944000000014,"failureMessages":[],"meta":{},"tags":[]},{"ancestorTitles":["production deployment pipeline boundary"],"fullName":"production deployment pipeline boundary keeps default snapshot publication manual and separate from Worker deployment","status":"passed","title":"keeps default snapshot publication manual and separate from Worker deployment","duration":1.5038279999999986,"failureMessages":[],"meta":{},"tags":[]},{"ancestorTitles":["production deployment pipeline boundary"],"fullName":"production deployment pipeline boundary deploys and verifies infrastructure-only migration secrets without exposing their values","status":"passed","title":"deploys and verifies infrastructure-only migration secrets without exposing their values","duration":0.8204020000000014,"failureMessages":[],"meta":{},"tags":[]}],"startTime":1787900194993,"endTime":1787900195000.8203,"status":"passed","message":"","name":"/home/runner/work/catalog-engine/catalog-engine/tests/deployment-pipeline-boundary.test.mjs"},{"assertionResults":[{"ancestorTitles":["shared design foundation"],"fullName":"shared design foundation is loaded by both customer-facing surfaces with explicit scope classes","status":"passed","title":"is loaded by both customer-facing surfaces with explicit scope classes","duration":4.527794999999998,"failureMessages":[],"meta":{},"tags":[]},{"ancestorTitles":["shared design foundation"],"fullName":"shared design foundation defines shared spacing, geometry, responsive and reduced-motion primitives","status":"passed","title":"defines shared spacing, geometry, responsive and reduced-motion primitives","duration":1.649000000000001,"failureMessages":[],"meta":{},"tags":[]},{"ancestorTitles":["shared design foundation"],"fullName":"shared design foundation keeps the shared layer brand-neutral","status":"passed","title":"keeps the shared layer brand-neutral","duration":0.9385829999999942,"failureMessages":[],"meta":{},"tags":[]}],"startTime":1787900197475,"endTime":1787900197481.9385,"status":"passed","message":"","name":"/home/runner/work/catalog-engine/catalog-engine/tests/design-foundation.test.mjs"},{"assertionResults":[{"ancestorTitles":["custom-domain background runner"],"fullName":"custom-domain background runner does no provider/database work when the SaaS provider is not configured","status":"passed","title":"does no provider/database work when the SaaS provider is not configured","duration":5.103028999999992,"failureMessages":[],"meta":{},"tags":[]},{"ancestorTitles":["custom-domain background runner"],"fullName":"custom-domain background runner fails closed when the database binding is absent","status":"passed","title":"fails closed when the database binding is absent","duration":0.48779100000001563,"failureMessages":[],"meta":{},"tags":[]},{"ancestorTitles":["custom-domain background runner"],"fullName":"custom-domain background runner keeps the normal fetch handler and exposes a scheduled handler","status":"passed","title":"keeps the normal fetch handler and exposes a scheduled handler","duration":0.48928399999999783,"failureMessages":[],"meta":{},"tags":[]},{"ancestorTitles":["custom-domain background runner"],"fullName":"custom-domain background runner registers a five-minute cron through the publish-aware entry","status":"passed","title":"registers a five-minute cron through the publish-aware entry","duration":1.8645919999999592,"failureMessages":[],"meta":{},"tags":[]}],"startTime":1787900198324,"endTime":1787900198331.8645,"status":"passed","message":"","name":"/home/runner/work/catalog-engine/catalog-engine/tests/domain-job-scheduler.test.mjs"},{"assertionResults":[{"ancestorTitles":["full import core"],"fullName":"full import core prefers the most specific category assignment for duplicate album discovery","status":"passed","title":"prefers the most specific category assignment for duplicate album discovery","duration":2.941913999999997,"failureMessages":[],"meta":{},"tags":[]},{"ancestorTitles":["full import core"],"fullName":"full import core classifies commercial products separately from navigation and information albums","status":"passed","title":"classifies commercial products separately from navigation and information albums","duration":3.4937850000000026,"failureMessages":[],"meta":{},"tags":[]},{"ancestorTitles":["full import core"],"fullName":"full import core publishes only used branches and preserves the audited hierarchy","status":"passed","title":"publishes only used branches and preserves the audited hierarchy","duration":2.63072200000002,"failureMessages":[],"meta":{},"tags":[]}],"startTime":1787900197398,"endTime":1787900197406.6306,"status":"passed","message":"","name":"/home/runner/work/catalog-engine/catalog-engine/tests/full-import-core.test.mjs"},{"assertionResults":[{"ancestorTitles":["M3 iconography and dependency contract"],"fullName":"M3 iconography and dependency contract pins unstable frontend dependencies and adopts Lucide without Fuse","status":"passed","title":"pins unstable frontend dependencies and adopts Lucide without Fuse","duration":9.988485999999995,"failureMessages":[],"meta":{},"tags":[]},{"ancestorTitles":["M3 iconography and dependency contract"],"fullName":"M3 iconography and dependency contract uses tree-shaken Lucide packs instead of the all-icons namespace","status":"passed","title":"uses tree-shaken Lucide packs instead of the all-icons namespace","duration":1.351362999999992,"failureMessages":[],"meta":{},"tags":[]},{"ancestorTitles":["M3 iconography and dependency contract"],"fullName":"M3 iconography and dependency contract removes legacy emoji and glyph iconography from customer-facing source","status":"passed","title":"removes legacy emoji and glyph iconography from customer-facing source","duration":3.124043999999998,"failureMessages":[],"meta":{},"tags":[]}],"startTime":1787900196163,"endTime":1787900196177.124,"status":"passed","message":"","name":"/home/runner/work/catalog-engine/catalog-engine/tests/iconography-dependencies.test.mjs"},{"assertionResults":[{"ancestorTitles":["incremental supplier delta"],"fullName":"incremental supplier delta queues only a genuinely new album for detail","status":"passed","title":"queues only a genuinely new album for detail","duration":5.163238999999976,"failureMessages":[],"meta":{},"tags":[]},{"ancestorTitles":["incremental supplier delta"],"fullName":"incremental supplier delta does not re-read an unchanged album with known detail","status":"passed","title":"does not re-read an unchanged album with known detail","duration":1.5976829999999893,"failureMessages":[],"meta":{},"tags":[]},{"ancestorTitles":["incremental supplier delta"],"fullName":"incremental supplier delta retries an album whose detail never completed even if its listing is unchanged","status":"passed","title":"retries an album whose detail never completed even if its listing is unchanged","duration":0.5567330000000084,"failureMessages":[],"meta":{},"tags":[]},{"ancestorTitles":["incremental supplier delta"],"fullName":"incremental supplier delta detects title/cover/listing changes and requests detail","status":"passed","title":"detects title/cover/listing changes and requests detail","duration":0.48288400000001275,"failureMessages":[],"meta":{},"tags":[]},{"ancestorTitles":["incremental supplier delta"],"fullName":"incremental supplier delta detects a pure category move without opening the album detail","status":"passed","title":"detects a pure category move without opening the album detail","duration":0.5065979999999968,"failureMessages":[],"meta":{},"tags":[]},{"ancestorTitles":["incremental supplier delta"],"fullName":"incremental supplier delta re-reads detail when content and category both changed","status":"passed","title":"re-reads detail when content and category both changed","duration":0.7018680000000188,"failureMessages":[],"meta":{},"tags":[]},{"ancestorTitles":["incremental supplier delta"],"fullName":"incremental supplier delta requires repeated complete misses before confirmed removal","status":"passed","title":"requires repeated complete misses before confirmed removal","duration":1.0101510000000076,"failureMessages":[],"meta":{},"tags":[]},{"ancestorTitles":["incremental supplier delta"],"fullName":"incremental supplier delta never infers missing or removal from a partial discovery scan","status":"passed","title":"never infers missing or removal from a partial discovery scan","duration":0.9188589999999976,"failureMessages":[],"meta":{},"tags":[]},{"ancestorTitles":["incremental supplier delta"],"fullName":"incremental supplier delta restores a previously missing album and re-reads its detail","status":"passed","title":"restores a previously missing album and re-reads its detail","duration":1.738619,"failureMessages":[],"meta":{},"tags":[]}],"startTime":1787900192521,"endTime":1787900192533.7385,"status":"passed","message":"","name":"/home/runner/work/catalog-engine/catalog-engine/tests/incremental-sync.test.mjs"},{"assertionResults":[{"ancestorTitles":["approved JavaScript library baseline"],"fullName":"approved JavaScript library baseline parses HTML with Cheerio","status":"passed","title":"parses HTML with Cheerio","duration":10.143692999999985,"failureMessages":[],"meta":{},"tags":[]},{"ancestorTitles":["approved JavaScript library baseline"],"fullName":"approved JavaScript library baseline validates structured data with Zod","status":"passed","title":"validates structured data with Zod","duration":7.848186000000055,"failureMessages":[],"meta":{},"tags":[]},{"ancestorTitles":["approved JavaScript library baseline"],"fullName":"approved JavaScript library baseline limits asynchronous work with PQueue","status":"passed","title":"limits asynchronous work with PQueue","duration":2.4987160000000586,"failureMessages":[],"meta":{},"tags":[]},{"ancestorTitles":["approved JavaScript library baseline"],"fullName":"approved JavaScript library baseline processes images with Sharp","status":"passed","title":"processes images with Sharp","duration":6.431528000000071,"failureMessages":[],"meta":{},"tags":[]}],"startTime":1787900198662,"endTime":1787900198688.4316,"status":"passed","message":"","name":"/home/runner/work/catalog-engine/catalog-engine/tests/library-baseline.test.mjs"},{"assertionResults":[{"ancestorTitles":["provider-neutral listing delta core"],"fullName":"provider-neutral listing delta core owns the versioned NEW/CHANGED/MOVED ordering and affected-only detail queue","status":"passed","title":"owns the versioned NEW/CHANGED/MOVED ordering and affected-only detail queue","duration":8.269472000000007,"failureMessages":[],"meta":{},"tags":[]},{"ancestorTitles":["provider-neutral listing delta core"],"fullName":"provider-neutral listing delta core retries detail-pending observations without treating unchanged listings as changed","status":"passed","title":"retries detail-pending observations without treating unchanged listings as changed","duration":2.713756999999987,"failureMessages":[],"meta":{},"tags":[]},{"ancestorTitles":["provider-neutral listing delta core"],"fullName":"provider-neutral listing delta core restores missing/deleted source identity and requires detail again","status":"passed","title":"restores missing/deleted source identity and requires detail again","duration":1.0361049999999636,"failureMessages":[],"meta":{},"tags":[]},{"ancestorTitles":["provider-neutral listing delta core"],"fullName":"provider-neutral listing delta core progresses repeated absence only when missing inference is explicitly authorized","status":"passed","title":"progresses repeated absence only when missing inference is explicitly authorized","duration":0.8090200000000323,"failureMessages":[],"meta":{},"tags":[]},{"ancestorTitles":["provider-neutral listing delta core"],"fullName":"provider-neutral listing delta core composes partial scans with the M7 safety decision so absence never advances","status":"passed","title":"composes partial scans with the M7 safety decision so absence never advances","duration":4.817376000000024,"failureMessages":[],"meta":{},"tags":[]},{"ancestorTitles":["provider-neutral listing delta core"],"fullName":"provider-neutral listing delta core quarantines a technically complete catastrophic collapse before absence semantics","status":"passed","title":"quarantines a technically complete catastrophic collapse before absence semantics","duration":1.2795199999999909,"failureMessages":[],"meta":{},"tags":[]},{"ancestorTitles":["provider-neutral listing delta core"],"fullName":"provider-neutral listing delta core allows healthy authoritative scans to use the existing repeated-miss semantics","status":"passed","title":"allows healthy authoritative scans to use the existing repeated-miss semantics","duration":7.146004000000005,"failureMessages":[],"meta":{},"tags":[]},{"ancestorTitles":["provider-neutral listing delta core"],"fullName":"provider-neutral listing delta core fails closed on duplicate source identity instead of silently overwriting evidence","status":"passed","title":"fails closed on duplicate source identity instead of silently overwriting evidence","duration":1.096338000000003,"failureMessages":[],"meta":{},"tags":[]},{"ancestorTitles":["provider-neutral listing delta core"],"fullName":"provider-neutral listing delta core keeps the legacy default sync adapter on the same semantic planner","status":"passed","title":"keeps the legacy default sync adapter on the same semantic planner","duration":1.2945169999999848,"failureMessages":[],"meta":{},"tags":[]},{"ancestorTitles":["provider-neutral listing delta core"],"fullName":"provider-neutral listing delta core keeps the shared Core browser/Worker-safe and free of provider/domain vocabulary","status":"passed","title":"keeps the shared Core browser/Worker-safe and free of provider/domain vocabulary","duration":1.7002860000000055,"failureMessages":[],"meta":{},"tags":[]}],"startTime":1787900189793,"endTime":1787900189823.7002,"status":"passed","message":"","name":"/home/runner/work/catalog-engine/catalog-engine/tests/listing-delta-core.test.mjs"},{"assertionResults":[{"ancestorTitles":["listing delta public identity invariant"],"fullName":"listing delta public identity invariant fails closed when the same private source identity resolves to a different public product id","status":"passed","title":"fails closed when the same private source identity resolves to a different public product id","duration":7.200125999999955,"failureMessages":[],"meta":{},"tags":[]},{"ancestorTitles":["listing delta public identity invariant"],"fullName":"listing delta public identity invariant preserves normal planning when public identity remains stable","status":"passed","title":"preserves normal planning when public identity remains stable","duration":1.90847500000001,"failureMessages":[],"meta":{},"tags":[]}],"startTime":1787900198624,"endTime":1787900198632.9084,"status":"passed","message":"","name":"/home/runner/work/catalog-engine/catalog-engine/tests/listing-delta-identity.test.mjs"},{"assertionResults":[{"ancestorTitles":["M7D3 retained stage diagnostic"],"fullName":"M7D3 retained stage diagnostic is read-only and reports bounded stage count evidence","status":"passed","title":"is read-only and reports bounded stage count evidence","duration":3.552835000000016,"failureMessages":[],"meta":{},"tags":[]},{"ancestorTitles":["M7D3 retained stage diagnostic"],"fullName":"M7D3 retained stage diagnostic does not print private source URLs or provider payloads","status":"passed","title":"does not print private source URLs or provider payloads","duration":0.6816929999999957,"failureMessages":[],"meta":{},"tags":[]}],"startTime":1787900199254,"endTime":1787900199257.6816,"status":"passed","message":"","name":"/home/runner/work/catalog-engine/catalog-engine/tests/m7d3-retained-stage-diagnostic.test.mjs"},{"assertionResults":[{"ancestorTitles":["M7D6 foreign-key verification transport"],"fullName":"M7D6 foreign-key verification transport normalizes the read-only foreign key pragma to tenant-command-safe SELECT SQL","status":"passed","title":"normalizes the read-only foreign key pragma to tenant-command-safe SELECT SQL","duration":35.614768,"failureMessages":[],"meta":{},"tags":[]},{"ancestorTitles":["M7D6 foreign-key verification transport"],"fullName":"M7D6 foreign-key verification transport preserves foreign-key finding row semantics after normalization","status":"passed","title":"preserves foreign-key finding row semantics after normalization","duration":1.3443709999999953,"failureMessages":[],"meta":{},"tags":[]}],"startTime":1787900197131,"endTime":1787900197168.3445,"status":"passed","message":"","name":"/home/runner/work/catalog-engine/catalog-engine/tests/m7d6-foreign-key-transport.test.mjs"},{"assertionResults":[{"ancestorTitles":["M7D7 trusted-main production canary contracts"],"fullName":"M7D7 trusted-main production canary contracts keeps D4-D6 scheduler-owned and invokes the D7 primitive only after verified state","status":"passed","title":"keeps D4-D6 scheduler-owned and invokes the D7 primitive only after verified state","duration":3.073338999999976,"failureMessages":[],"meta":{},"tags":[]},{"ancestorTitles":["M7D7 trusted-main production canary contracts"],"fullName":"M7D7 trusted-main production canary contracts publishes a dedicated exact-SHA M7D7 status without weakening historical M7D4-D6 evidence","status":"passed","title":"publishes a dedicated exact-SHA M7D7 status without weakening historical M7D4-D6 evidence","duration":0.7087139999999863,"failureMessages":[],"meta":{},"tags":[]},{"ancestorTitles":["M7D7 trusted-main production canary contracts"],"fullName":"M7D7 trusted-main production canary contracts proves the fleet transition is v6 to v7 before D7 production authority proof","status":"passed","title":"proves the fleet transition is v6 to v7 before D7 production authority proof","duration":0.43533299999995734,"failureMessages":[],"meta":{},"tags":[]}],"startTime":1787900194473,"endTime":1787900194477.4353,"status":"passed","message":"","name":"/home/runner/work/catalog-engine/catalog-engine/tests/m7d7-production-canary-contract.test.mjs"},{"assertionResults":[{"ancestorTitles":["optimizeCatalogMedia"],"fullName":"optimizeCatalogMedia preserves one original HD file, creates web/thumb derivatives and deduplicates identical content","status":"passed","title":"preserves one original HD file, creates web/thumb derivatives and deduplicates identical content","duration":661.707663,"failureMessages":[],"meta":{},"tags":[]},{"ancestorTitles":["optimizeCatalogMedia"],"fullName":"optimizeCatalogMedia is idempotent after the catalog already contains rich media descriptors","status":"passed","title":"is idempotent after the catalog already contains rich media descriptors","duration":451.5033760000001,"failureMessages":[],"meta":{},"tags":[]}],"startTime":1787900194058,"endTime":1787900195171.5034,"status":"passed","message":"","name":"/home/runner/work/catalog-engine/catalog-engine/tests/media-pipeline.test.mjs"},{"assertionResults":[{"ancestorTitles":["private supplier source config"],"fullName":"private supplier source config extracts and canonicalizes a Wrangler D1 source row","status":"passed","title":"extracts and canonicalizes a Wrangler D1 source row","duration":2.956169999999986,"failureMessages":[],"meta":{},"tags":[]},{"ancestorTitles":["private supplier source config"],"fullName":"private supplier source config fails when the tenant has no configured active source row","status":"passed","title":"fails when the tenant has no configured active source row","duration":1.3354640000000018,"failureMessages":[],"meta":{},"tags":[]},{"ancestorTitles":["private supplier source config"],"fullName":"private supplier source config writes the source only to GitHub environment state and emits a masking command","status":"passed","title":"writes the source only to GitHub environment state and emits a masking command","duration":1.1931280000000015,"failureMessages":[],"meta":{},"tags":[]}],"startTime":1787900198950,"endTime":1787900198956.193,"status":"passed","message":"","name":"/home/runner/work/catalog-engine/catalog-engine/tests/private-source-config.test.mjs"},{"assertionResults":[{"ancestorTitles":["atomic public catalog D1 import"],"fullName":"atomic public catalog D1 import writes exactly one SQL file so Wrangler imports the catalog as one recoverable unit","status":"passed","title":"writes exactly one SQL file so Wrangler imports the catalog as one recoverable unit","duration":7.508170000000007,"failureMessages":[],"meta":{},"tags":[]},{"ancestorTitles":["atomic public catalog D1 import"],"fullName":"atomic public catalog D1 import rejects explicit transaction control because D1 import owns the transaction boundary","status":"passed","title":"rejects explicit transaction control because D1 import owns the transaction boundary","duration":2.058757000000014,"failureMessages":[],"meta":{},"tags":[]},{"ancestorTitles":["atomic public catalog D1 import"],"fullName":"atomic public catalog D1 import rejects a statement beyond the current D1 statement-size limit","status":"passed","title":"rejects a statement beyond the current D1 statement-size limit","duration":0.5722989999999868,"failureMessages":[],"meta":{},"tags":[]}],"startTime":1787900195998,"endTime":1787900196008.5723,"status":"passed","message":"","name":"/home/runner/work/catalog-engine/catalog-engine/tests/public-catalog-import.test.mjs"},{"assertionResults":[{"ancestorTitles":["enrichPublicCatalogTaxonomy"],"fullName":"enrichPublicCatalogTaxonomy converts raw hierarchy to opaque IDs and attaches the product path","status":"passed","title":"converts raw hierarchy to opaque IDs and attaches the product path","duration":6.044737999999995,"failureMessages":[],"meta":{},"tags":[]},{"ancestorTitles":["enrichPublicCatalogTaxonomy"],"fullName":"enrichPublicCatalogTaxonomy matches a unique category name when the source category id is missing","status":"passed","title":"matches a unique category name when the source category id is missing","duration":0.7797759999999982,"failureMessages":[],"meta":{},"tags":[]},{"ancestorTitles":["enrichPublicCatalogTaxonomy"],"fullName":"enrichPublicCatalogTaxonomy falls back to a stable opaque Outros category without source leakage","status":"passed","title":"falls back to a stable opaque Outros category without source leakage","duration":0.8780490000000043,"failureMessages":[],"meta":{},"tags":[]}],"startTime":1787900195781,"endTime":1787900195788.878,"status":"passed","message":"","name":"/home/runner/work/catalog-engine/catalog-engine/tests/public-taxonomy.test.mjs"},{"assertionResults":[{"ancestorTitles":["retained automatic import canary cleanup"],"fullName":"retained automatic import canary cleanup keeps pull-request validation secret-free and mutation on trusted main only","status":"passed","title":"keeps pull-request validation secret-free and mutation on trusted main only","duration":2.065798000000001,"failureMessages":[],"meta":{},"tags":[]},{"ancestorTitles":["retained automatic import canary cleanup"],"fullName":"retained automatic import canary cleanup fails closed unless automation is OFF, queues are empty and identity is the retained canary","status":"passed","title":"fails closed unless automation is OFF, queues are empty and identity is the retained canary","duration":0.47846299999997655,"failureMessages":[],"meta":{},"tags":[]},{"ancestorTitles":["retained automatic import canary cleanup"],"fullName":"retained automatic import canary cleanup only deletes the targeted canary resources and never sends or purges Queue messages","status":"passed","title":"only deletes the targeted canary resources and never sends or purges Queue messages","duration":0.403964000000002,"failureMessages":[],"meta":{},"tags":[]}],"startTime":1787900197751,"endTime":1787900197754.404,"status":"passed","message":"","name":"/home/runner/work/catalog-engine/catalog-engine/tests/retained-canary-cleanup.test.mjs"},{"assertionResults":[{"ancestorTitles":["retained automatic import canary diagnosis"],"fullName":"retained automatic import canary diagnosis keeps pull-request validation secret-free","status":"passed","title":"keeps pull-request validation secret-free","duration":2.9693750000000136,"failureMessages":[],"meta":{},"tags":[]},{"ancestorTitles":["retained automatic import canary diagnosis"],"fullName":"retained automatic import canary diagnosis is read-only across D1 and Queue APIs","status":"passed","title":"is read-only across D1 and Queue APIs","duration":1.4111649999999827,"failureMessages":[],"meta":{},"tags":[]},{"ancestorTitles":["retained automatic import canary diagnosis"],"fullName":"retained automatic import canary diagnosis does not print private supplier URLs","status":"passed","title":"does not print private supplier URLs","duration":0.45717399999998065,"failureMessages":[],"meta":{},"tags":[]}],"startTime":1787900197097,"endTime":1787900197101.4573,"status":"passed","message":"","name":"/home/runner/work/catalog-engine/catalog-engine/tests/retained-canary-diagnostic.test.mjs"},{"assertionResults":[{"ancestorTitles":["retained fleet canary cleanup"],"fullName":"retained fleet canary cleanup targets the complete unique audited fixture set","status":"passed","title":"targets the complete unique audited fixture set","duration":3.7324900000000127,"failureMessages":[],"meta":{},"tags":[]},{"ancestorTitles":["retained fleet canary cleanup"],"fullName":"retained fleet canary cleanup fails closed unless every present row has the deterministic private fixture identity","status":"passed","title":"fails closed unless every present row has the deterministic private fixture identity","duration":1.2001109999999926,"failureMessages":[],"meta":{},"tags":[]},{"ancestorTitles":["retained fleet canary cleanup"],"fullName":"retained fleet canary cleanup keeps PR validation secret-free and cleanup behind exact trusted-main proof","status":"passed","title":"keeps PR validation secret-free and cleanup behind exact trusted-main proof","duration":0.6191159999999911,"failureMessages":[],"meta":{},"tags":[]},{"ancestorTitles":["retained fleet canary cleanup"],"fullName":"retained fleet canary cleanup deletes only exact fixture resources and never sends or purges Queue messages","status":"passed","title":"deletes only exact fixture resources and never sends or purges Queue messages","duration":0.46698200000000156,"failureMessages":[],"meta":{},"tags":[]}],"startTime":1787900194183,"endTime":1787900194189.467,"status":"passed","message":"","name":"/home/runner/work/catalog-engine/catalog-engine/tests/retained-fleet-canary-cleanup.test.mjs"},{"assertionResults":[{"ancestorTitles":["publicScopeIdentity"],"fullName":"publicScopeIdentity normalizes transient pagination/query parameters into the same catalog scope","status":"passed","title":"normalizes transient pagination/query parameters into the same catalog scope","duration":6.314731999999992,"failureMessages":[],"meta":{},"tags":[]},{"ancestorTitles":["publicScopeIdentity"],"fullName":"publicScopeIdentity creates distinct opaque category scopes without exposing raw category IDs","status":"passed","title":"creates distinct opaque category scopes without exposing raw category IDs","duration":1.3000080000000196,"failureMessages":[],"meta":{},"tags":[]},{"ancestorTitles":["publicScopeIdentity"],"fullName":"publicScopeIdentity separates identical paths from different suppliers","status":"passed","title":"separates identical paths from different suppliers","duration":0.6001210000000015,"failureMessages":[],"meta":{},"tags":[]},{"ancestorTitles":["reconcileScopedSyncState"],"fullName":"reconcileScopedSyncState keeps a product globally active when it leaves one complete scope but still belongs to another","status":"passed","title":"keeps a product globally active when it leaves one complete scope but still belongs to another","duration":3.5957950000000096,"failureMessages":[],"meta":{},"tags":[]},{"ancestorTitles":["reconcileScopedSyncState"],"fullName":"reconcileScopedSyncState removes globally only after the product has no active scope membership left","status":"passed","title":"removes globally only after the product has no active scope membership left","duration":1.5217409999999916,"failureMessages":[],"meta":{},"tags":[]},{"ancestorTitles":["reconcileScopedSyncState"],"fullName":"reconcileScopedSyncState does not detach memberships in a partial scope scan","status":"passed","title":"does not detach memberships in a partial scope scan","duration":1.2651429999999948,"failureMessages":[],"meta":{},"tags":[]},{"ancestorTitles":["reconcileScopedSyncState"],"fullName":"reconcileScopedSyncState migrates schema v1 into the active catalog scope without exposing legacy source identity","status":"passed","title":"migrates schema v1 into the active catalog scope without exposing legacy source identity","duration":0.9129250000000013,"failureMessages":[],"meta":{},"tags":[]}],"startTime":1787900190736,"endTime":1787900190751.9128,"status":"passed","message":"","name":"/home/runner/work/catalog-engine/catalog-engine/tests/scoped-sync.test.mjs"},{"assertionResults":[{"ancestorTitles":["storefront media compatibility"],"fullName":"storefront media compatibility uses optimized web/thumb while preserving original HD download URL","status":"passed","title":"uses optimized web/thumb while preserving original HD download URL","duration":2.773920000000004,"failureMessages":[],"meta":{},"tags":[]},{"ancestorTitles":["storefront media compatibility"],"fullName":"storefront media compatibility keeps legacy image strings working during migration","status":"passed","title":"keeps legacy image strings working during migration","duration":0.703643999999997,"failureMessages":[],"meta":{},"tags":[]}],"startTime":1787900199145,"endTime":1787900199148.7036,"status":"passed","message":"","name":"/home/runner/work/catalog-engine/catalog-engine/tests/storefront-media.test.mjs"},{"assertionResults":[{"ancestorTitles":["storefront server-backed search contract"],"fullName":"storefront server-backed search contract sends the trimmed user query to the products API","status":"passed","title":"sends the trimmed user query to the products API","duration":2.767298000000011,"failureMessages":[],"meta":{},"tags":[]},{"ancestorTitles":["storefront server-backed search contract"],"fullName":"storefront server-backed search contract debounces interactive search requests","status":"passed","title":"debounces interactive search requests","duration":0.5450879999999927,"failureMessages":[],"meta":{},"tags":[]},{"ancestorTitles":["storefront server-backed search contract"],"fullName":"storefront server-backed search contract keeps page and active catalog filters in the same API query","status":"passed","title":"keeps page and active catalog filters in the same API query","duration":0.35715
[...]
es":[],"meta":{},"tags":[]},{"ancestorTitles":["tenant supplier connections"],"fullName":"tenant supplier connections verifies the provider route with a bounded network adapter","status":"passed","title":"verifies the provider route with a bounded network adapter","duration":0.7731530000000362,"failureMessages":[],"meta":{},"tags":[]},{"ancestorTitles":["tenant supplier connections"],"fullName":"tenant supplier connections builds idempotent private persistence SQL and advances only the matching provisioning run","status":"passed","title":"builds idempotent private persistence SQL and advances only the matching provisioning run","duration":0.764487000000031,"failureMessages":[],"meta":{},"tags":[]}],"startTime":1787900193401,"endTime":1787900193411.7644,"status":"passed","message":"","name":"/home/runner/work/catalog-engine/catalog-engine/tests/tenant-source-connection.test.mjs"},{"assertionResults":[{"ancestorTitles":["M7B recurring sync activation boundary"],"fullName":"M7B recurring sync activation boundary mounts the scheduler on the platform cron but keeps production recurring sync disabled","status":"passed","title":"mounts the scheduler on the platform cron but keeps production recurring sync disabled","duration":6.761246,"failureMessages":[],"meta":{},"tags":[]},{"ancestorTitles":["M7B recurring sync activation boundary"],"fullName":"M7B recurring sync activation boundary does not wire incremental scheduling directly to Queue sends in the foundation slice","status":"passed","title":"does not wire incremental scheduling directly to Queue sends in the foundation slice","duration":1.0267270000000224,"failureMessages":[],"meta":{},"tags":[]},{"ancestorTitles":["M7B recurring sync activation boundary"],"fullName":"M7B recurring sync activation boundary keeps a failed incremental or recovery job as a blocking exception until recovery resolves it","status":"passed","title":"keeps a failed incremental or recovery job as a blocking exception until recovery resolves it","duration":0.8289880000000096,"failureMessages":[],"meta":{},"tags":[]}],"startTime":1787900195564,"endTime":1787900195572.829,"status":"passed","message":"","name":"/home/runner/work/catalog-engine/catalog-engine/tests/tenant-sync-activation-boundary.test.mjs"},{"assertionResults":[{"ancestorTitles":["tenant recurring sync scheduler"],"fullName":"tenant recurring sync scheduler requires the literal enable flag and performs zero D1 work while disabled","status":"passed","title":"requires the literal enable flag and performs zero D1 work while disabled","duration":9.308523000000037,"failureMessages":[],"meta":{},"tags":[]},{"ancestorTitles":["tenant recurring sync scheduler"],"fullName":"tenant recurring sync scheduler fails closed when the control-plane database binding is absent","status":"passed","title":"fails closed when the control-plane database binding is absent","duration":0.534247999999991,"failureMessages":[],"meta":{},"tags":[]},{"ancestorTitles":["tenant recurring sync scheduler"],"fullName":"tenant recurring sync scheduler performs zero D1 work when the active cohort is absent or invalid","status":"passed","title":"performs zero D1 work when the active cohort is absent or invalid","duration":1.3534579999999892,"failureMessages":[],"meta":{},"tags":[]},{"ancestorTitles":["tenant recurring sync scheduler"],"fullName":"tenant recurring sync scheduler defaults every existing tenant/source to disabled until an enrollment row exists","status":"passed","title":"defaults every existing tenant/source to disabled until an enrollment row exists","duration":15.382304999999974,"failureMessages":[],"meta":{},"tags":[]},{"ancestorTitles":["tenant recurring sync scheduler"],"fullName":"tenant recurring sync scheduler enrols only ready active incremental sources with a successful initial import","status":"passed","title":"enrols only ready active incremental sources with a successful initial import","duration":7.167644999999993,"failureMessages":[],"meta":{},"tags":[]},{"ancestorTitles":["tenant recurring sync scheduler"],"fullName":"tenant recurring sync scheduler creates one deterministic pending incremental job only when the schedule becomes due","status":"passed","title":"creates one deterministic pending incremental job only when the schedule becomes due","duration":17.13030900000001,"failureMessages":[],"meta":{},"tags":[]},{"ancestorTitles":["tenant recurring sync scheduler"],"fullName":"tenant recurring sync scheduler does not create a duplicate while any import job for the source is active","status":"passed","title":"does not create a duplicate while any import job for the source is active","duration":8.704164000000048,"failureMessages":[],"meta":{},"tags":[]},{"ancestorTitles":["tenant recurring sync scheduler"],"fullName":"tenant recurring sync scheduler creates a distinct job for a later due slot after the prior job becomes terminal","status":"passed","title":"creates a distinct job for a later due slot after the prior job becomes terminal","duration":10.363032000000032,"failureMessages":[],"meta":{},"tags":[]},{"ancestorTitles":["tenant recurring sync scheduler"],"fullName":"tenant recurring sync scheduler selects only the exact enrolled cohort and reports safe aggregate reasons","status":"passed","title":"selects only the exact enrolled cohort and reports safe aggregate reasons","duration":5.931225999999981,"failureMessages":[],"meta":{},"tags":[]},{"ancestorTitles":["tenant recurring sync scheduler"],"fullName":"tenant recurring sync scheduler caps work per tick even when more enrolled schedules are due","status":"passed","title":"caps work per tick even when more enrolled schedules are due","duration":9.964116999999987,"failureMessages":[],"meta":{},"tags":[]},{"ancestorTitles":["tenant recurring sync scheduler"],"fullName":"tenant recurring sync scheduler blocks scheduling while a tenant data-plane migration is pending","status":"passed","title":"blocks scheduling while a tenant data-plane migration is pending","duration":6.261212,"failureMessages":[],"meta":{},"tags":[]},{"ancestorTitles":["tenant recurring sync scheduler"],"fullName":"tenant recurring sync scheduler blocks scheduling while a tenant data-plane migration is running","status":"passed","title":"blocks scheduling while a tenant data-plane migration is running","duration":12.54669899999999,"failureMessages":[],"meta":{},"tags":[]},{"ancestorTitles":["tenant recurring sync scheduler"],"fullName":"tenant recurring sync scheduler blocks scheduling while a tenant data-plane migration is failed","status":"passed","title":"blocks scheduling while a tenant data-plane migration is failed","duration":5.6408440000000155,"failureMessages":[],"meta":{},"tags":[]},{"ancestorTitles":["tenant recurring sync scheduler"],"fullName":"tenant recurring sync scheduler blocks unresolved failures and active imports with deterministic reason codes","status":"passed","title":"blocks unresolved failures and active imports with deterministic reason codes","duration":7.659222999999997,"failureMessages":[],"meta":{},"tags":[]},{"ancestorTitles":["tenant recurring sync scheduler"],"fullName":"tenant recurring sync scheduler stops new claims through either kill switch without deleting durable state","status":"passed","title":"stops new claims through either kill switch without deleting durable state","duration":5.809860000000015,"failureMessages":[],"meta":{},"tags":[]},{"ancestorTitles":["tenant recurring sync scheduler"],"fullName":"tenant recurring sync scheduler rejects invalid enrollment state at the control-plane schema boundary","status":"passed","title":"rejects invalid enrollment state at the control-plane schema boundary","duration":3.4602720000000318,"failureMessages":[],"meta":{},"tags":[]},{"ancestorTitles":["tenant recurring sync scheduler"],"fullName":"tenant recurring sync scheduler uses a stable opaque identity per tenant/source/scheduled slot","status":"passed","title":"uses a stable opaque identity per tenant/source/scheduled slot","duration":2.5165590000000293,"failureMessages":[],"meta":{},"tags":[]},{"ancestorTitles":["tenant recurring sync scheduler"],"fullName":"tenant recurring sync scheduler keeps interval policy bounded and migration/provider-neutral","status":"passed","title":"keeps interval policy bounded and migration/provider-neutral","duration":4.628542999999979,"failureMessages":[],"meta":{},"tags":[]}],"startTime":1787900187985,"endTime":1787900188120.6287,"status":"passed","message":"","name":"/home/runner/work/catalog-engine/catalog-engine/tests/tenant-sync-scheduler.test.mjs"},{"assertionResults":[{"ancestorTitles":["tenant verification D1 type coercion regression"],"fullName":"tenant verification D1 type coercion regression accepts a string-bound merchandising contract version like the tenant dispatch boundary sends","status":"passed","title":"accepts a string-bound merchandising contract version like the tenant dispatch boundary sends","duration":5.079666000000003,"failureMessages":[],"meta":{},"tags":[]}],"startTime":1787900198222,"endTime":1787900198227.0796,"status":"passed","message":"","name":"/home/runner/work/catalog-engine/catalog-engine/tests/tenant-verification-d1-type-regression.test.mjs"},{"assertionResults":[{"ancestorTitles":["tenant verification gate"],"fullName":"tenant verification gate accepts a fully classified catalog with complete CEI state while surfacing non-blocking exception metrics","status":"passed","title":"accepts a fully classified catalog with complete CEI state while surfacing non-blocking exception metrics","duration":2.927246000000025,"failureMessages":[],"meta":{},"tags":[]},{"ancestorTitles":["tenant verification gate"],"fullName":"tenant verification gate surfaces only stable safe finding codes for blocking catalog or CEI integrity defects","status":"passed","title":"surfaces only stable safe finding codes for blocking catalog or CEI integrity defects","duration":0.9728660000000104,"failureMessages":[],"meta":{},"tags":[]},{"ancestorTitles":["tenant verification gate"],"fullName":"tenant verification gate blocks missing or invalid merchandising metadata","status":"passed","title":"blocks missing or invalid merchandising metadata","duration":0.6031669999999849,"failureMessages":[],"meta":{},"tags":[]},{"ancestorTitles":["tenant verification gate"],"fullName":"tenant verification gate keeps diagnostic error codes bounded to stable safe findings","status":"passed","title":"keeps diagnostic error codes bounded to stable safe findings","duration":0.3658330000000092,"failureMessages":[],"meta":{},"tags":[]},{"ancestorTitles":["tenant verification gate"],"fullName":"tenant verification gate does not turn CEI review/research queues into whole-tenant verification failures","status":"passed","title":"does not turn CEI review/research queues into whole-tenant verification failures","duration":0.4789949999999976,"failureMessages":[],"meta":{},"tags":[]},{"ancestorTitles":["tenant verification gate"],"fullName":"tenant verification gate runs scheduler discovery with tenant dispatch and no administrative Cloudflare token","status":"passed","title":"runs scheduler discovery with tenant dispatch and no administrative Cloudflare token","duration":3.265418000000011,"failureMessages":[],"meta":{},"tags":[]},{"ancestorTitles":["tenant verification gate"],"fullName":"tenant verification gate fails closed before reading control-plane jobs when provider runtime is absent","status":"passed","title":"fails closed before reading control-plane jobs when provider runtime is absent","duration":0.4388600000000338,"failureMessages":[],"meta":{},"tags":[]}],"startTime":1787900191700,"endTime":1787900191709.439,"status":"passed","message":"","name":"/home/runner/work/catalog-engine/catalog-engine/tests/tenant-verification.test.mjs"},{"assertionResults":[{"ancestorTitles":["isolated UI staging worker"],"fullName":"isolated UI staging worker serves a read-only demo catalog without D1 bindings","status":"passed","title":"serves a read-only demo catalog without D1 bindings","duration":33.34159299999999,"failureMessages":[],"meta":{},"tags":[]},{"ancestorTitles":["isolated UI staging worker"],"fullName":"isolated UI staging worker supports navigation/filter endpoints used by the storefront","status":"passed","title":"supports navigation/filter endpoints used by the storefront","duration":2.3363429999999994,"failureMessages":[],"meta":{},"tags":[]},{"ancestorTitles":["isolated UI staging worker"],"fullName":"isolated UI staging worker blocks mutation methods and falls back to static assets for UI routes","status":"passed","title":"blocks mutation methods and falls back to static assets for UI routes","duration":1.9456940000000031,"failureMessages":[],"meta":{},"tags":[]}],"startTime":1787900196299,"endTime":1787900196336.9458,"status":"passed","message":"","name":"/home/runner/work/catalog-engine/catalog-engine/tests/ui-preview-worker.test.mjs"},{"assertionResults":[{"ancestorTitles":["Vite storefront config"],"fullName":"Vite storefront config uses a portable relative base","status":"passed","title":"uses a portable relative base","duration":1.666041000000007,"failureMessages":[],"meta":{},"tags":[]},{"ancestorTitles":["Vite storefront config"],"fullName":"Vite storefront config builds into dist without Vite publicDir copying","status":"passed","title":"builds into dist without Vite publicDir copying","duration":0.2769469999999501,"failureMessages":[],"meta":{},"tags":[]},{"ancestorTitles":["Vite storefront config"],"fullName":"Vite storefront config builds separate storefront and customer portal html entries","status":"passed","title":"builds separate storefront and customer portal html entries","duration":0.7390800000000013,"failureMessages":[],"meta":{},"tags":[]}],"startTime":1787900199643,"endTime":1787900199645.739,"status":"passed","message":"","name":"/home/runner/work/catalog-engine/catalog-engine/tests/vite-config.test.mjs"},{"assertionResults":[{"ancestorTitles":["worker media proxy guards"],"fullName":"worker media proxy guards accepts only opaque media ids","status":"passed","title":"accepts only opaque media ids","duration":2.3968050000000005,"failureMessages":[],"meta":{},"tags":[]},{"ancestorTitles":["worker media proxy guards"],"fullName":"worker media proxy guards defaults to the Yupoo photo origin and supports explicit allowlists","status":"passed","title":"defaults to the Yupoo photo origin and supports explicit allowlists","duration":1.4965050000000133,"failureMessages":[],"meta":{},"tags":[]},{"ancestorTitles":["worker media proxy guards"],"fullName":"worker media proxy guards only forwards safe Yupoo referers","status":"passed","title":"only forwards safe Yupoo referers","duration":0.41035600000000727,"failureMessages":[],"meta":{},"tags":[]},{"ancestorTitles":["worker media proxy guards"],"fullName":"worker media proxy guards publishes only image-safe response headers","status":"passed","title":"publishes only image-safe response headers","duration":30.053323000000006,"failureMessages":[],"meta":{},"tags":[]},{"ancestorTitles":["worker media proxy guards"],"fullName":"worker media proxy guards removes query strings from edge cache keys","status":"passed","title":"removes query strings from edge cache keys","duration":1.2723960000000147,"failureMessages":[],"meta":{},"tags":[]}],"startTime":1787900196620,"endTime":1787900196656.2725,"status":"passed","message":"","name":"/home/runner/work/catalog-engine/catalog-engine/tests/worker-media-proxy.test.mjs"},{"assertionResults":[{"ancestorTitles":["main Worker infrastructure binding verification"],"fullName":"main Worker infrastructure binding verification accepts only both secret_text binding names and never returns secret values","status":"passed","title":"accepts only both secret_text binding names and never returns secret values","duration":8.132723999999996,"failureMessages":[],"meta":{},"tags":[]},{"ancestorTitles":["main Worker infrastructure binding verification"],"fullName":"main Worker infrastructure binding verification fails closed on an invalid API response and reports a missing binding safely","status":"passed","title":"fails closed on an invalid API response and reports a missing binding safely","duration":2.029810999999995,"failureMessages":[],"meta":{},"tags":[]},{"ancestorTitles":["main Worker infrastructure binding verification"],"fullName":"main Worker infrastructure binding verification uses the read-only Worker settings API in trusted workflows","status":"passed","title":"uses the read-only Worker settings API in trusted workflows","duration":0.8354600000000119,"failureMessages":[],"meta":{},"tags":[]}],"startTime":1787900195932,"endTime":1787900195942.8354,"status":"passed","message":"","name":"/home/runner/work/catalog-engine/catalog-engine/tests/worker-platform-bindings.test.mjs"},{"assertionResults":[{"ancestorTitles":["Wrangler static-asset routing"],"fullName":"Wrangler static-asset routing runs the platform Worker before navigation and non-hashed asset paths","status":"passed","title":"runs the platform Worker before navigation and non-hashed asset paths","duration":2.081216999999981,"failureMessages":[],"meta":{},"tags":[]},{"ancestorTitles":["Wrangler static-asset routing"],"fullName":"Wrangler static-asset routing keeps hashed frontend bundles on the direct static-asset fast path","status":"passed","title":"keeps hashed frontend bundles on the direct static-asset fast path","duration":0.894059000000027,"failureMessages":[],"meta":{},"tags":[]}],"startTime":1787900199548,"endTime":1787900199550.894,"status":"passed","message":"","name":"/home/runner/work/catalog-engine/catalog-engine/tests/wrangler-asset-routing.test.mjs"},{"assertionResults":[{"ancestorTitles":["Yupoo scan taxonomy normalization"],"fullName":"Yupoo scan taxonomy normalization deduplicates repeated category identities without changing item observations","status":"passed","title":"deduplicates repeated category identities without changing item observations","duration":3.72565800000001,"failureMessages":[],"meta":{},"tags":[]},{"ancestorTitles":["Yupoo scan taxonomy normalization"],"fullName":"Yupoo scan taxonomy normalization preserves the original scan object when taxonomy identities are already unique","status":"passed","title":"preserves the original scan object when taxonomy identities are already unique","duration":0.4091950000000111,"failureMessages":[],"meta":{},"tags":[]}],"startTime":1787900199377,"endTime":1787900199380.7256,"status":"passed","message":"","name":"/home/runner/work/catalog-engine/catalog-engine/tests/yupoo-scan-taxonomy-normalization.test.mjs"},{"assertionResults":[{"ancestorTitles":["Yupoo source route resolver"],"fullName":"Yupoo source route resolver does not modify normal album routes","status":"passed","title":"does not modify normal album routes","duration":2.1513470000000154,"failureMessages":[],"meta":{},"tags":[]},{"ancestorTitles":["Yupoo source route resolver"],"fullName":"Yupoo source route resolver keeps a root category when its normal route works","status":"passed","title":"keeps a root category when its normal route works","duration":1.6978809999999953,"failureMessages":[],"meta":{},"tags":[]},{"ancestorTitles":["Yupoo source route resolver"],"fullName":"Yupoo source route resolver automatically switches a 404 category to the Yupoo subcategory route","status":"passed","title":"automatically switches a 404 category to the Yupoo subcategory route","duration":0.6825549999999794,"failureMessages":[],"meta":{},"tags":[]},{"ancestorTitles":["Yupoo source route resolver"],"fullName":"Yupoo source route resolver does not duplicate the subcategory query","status":"passed","title":"does not duplicate the subcategory query","duration":0.4188219999999774,"failureMessages":[],"meta":{},"tags":[]}],"startTime":1787900198007,"endTime":1787900198012.4187,"status":"passed","message":"","name":"/home/runner/work/catalog-engine/catalog-engine/tests/yupoo-source-resolver.test.mjs"}]}